  [1m[35m (523.4ms)[0m  [1m[35mCREATE DATABASE "CloudNine_development" ENCODING = 'unicode'[0m
  ↳ bin/rails:9
  [1m[35m (399.6ms)[0m  [1m[35mCREATE DATABASE "CloudNine_test" ENCODING = 'unicode'[0m
  ↳ bin/rails:9
  [1m[35m (54.6ms)[0m  [1m[35mCREATE TABLE "schema_migrations" ("version" character varying NOT NULL PRIMARY KEY)[0m
  ↳ bin/rails:9
  [1m[35m (44.5ms)[0m  [1m[35mCREATE TABLE "ar_internal_metadata" ("key" character varying NOT NULL PRIMARY KEY, "value" character varying, "created_at" timestamp NOT NULL, "updated_at" timestamp NOT NULL)[0m
  ↳ bin/rails:9
  [1m[35m (2.8ms)[0m  [1m[34mSELECT pg_try_advisory_lock(6483587128298297325)[0m
  ↳ bin/rails:9
  [1m[35m (0.9ms)[0m  [1m[34mSELECT "schema_migrations"."version" FROM "schema_migrations" ORDER BY "schema_migrations"."version" ASC[0m
  ↳ bin/rails:9
Migrating to CreateUsers (20190730145739)
  [1m[35m (0.2ms)[0m  [1m[35mBEGIN[0m
  ↳ bin/rails:9
  [1m[35m (49.9ms)[0m  [1m[35mCREATE TABLE "users" ("id" bigserial primary key, "username" character varying NOT NULL, "email" character varying NOT NULL, "password_digest" character varying NOT NULL, "session_token" character varying NOT NULL, "created_at" timestamp NOT NULL, "updated_at" timestamp NOT NULL)[0m
  ↳ db/migrate/20190730145739_create_users.rb:3
  [1m[35m (1.1ms)[0m  [1m[35mCREATE UNIQUE INDEX  "index_users_on_username" ON "users"  ("username")[0m
  ↳ db/migrate/20190730145739_create_users.rb:12
  [1m[35m (0.7ms)[0m  [1m[35mCREATE UNIQUE INDEX  "index_users_on_email" ON "users"  ("email")[0m
  ↳ db/migrate/20190730145739_create_users.rb:13
  [1m[35m (0.9ms)[0m  [1m[35mCREATE UNIQUE INDEX  "index_users_on_session_token" ON "users"  ("session_token")[0m
  ↳ db/migrate/20190730145739_create_users.rb:14
  [1m[36mActiveRecord::SchemaMigration Create (0.9ms)[0m  [1m[32mINSERT INTO "schema_migrations" ("version") VALUES ($1) RETURNING "version"[0m  [["version", "20190730145739"]]
  ↳ bin/rails:9
  [1m[35m (0.3ms)[0m  [1m[35mCOMMIT[0m
  ↳ bin/rails:9
  [1m[36mActiveRecord::InternalMetadata Load (0.4ms)[0m  [1m[34mSELECT  "ar_internal_metadata".* FROM "ar_internal_metadata" WHERE "ar_internal_metadata"."key" = $1 LIMIT $2[0m  [["key", "environment"], ["LIMIT", 1]]
  ↳ bin/rails:9
  [1m[35m (0.1ms)[0m  [1m[35mBEGIN[0m
  ↳ bin/rails:9
  [1m[36mActiveRecord::InternalMetadata Create (40.3ms)[0m  [1m[32mINSERT INTO "ar_internal_metadata" ("key", "value", "created_at", "updated_at") VALUES ($1, $2, $3, $4) RETURNING "key"[0m  [["key", "environment"], ["value", "development"], ["created_at", "2019-07-30 15:00:15.027467"], ["updated_at", "2019-07-30 15:00:15.027467"]]
  ↳ bin/rails:9
  [1m[35m (0.3ms)[0m  [1m[35mCOMMIT[0m
  ↳ bin/rails:9
  [1m[35m (0.3ms)[0m  [1m[34mSELECT pg_advisory_unlock(6483587128298297325)[0m
  ↳ bin/rails:9
  [1m[35m (0.4ms)[0m  [1m[34mSELECT "schema_migrations"."version" FROM "schema_migrations" ORDER BY "schema_migrations"."version" ASC[0m
  ↳ bin/rails:9
  [1m[35m (0.7ms)[0m  [1m[34mSELECT "schema_migrations"."version" FROM "schema_migrations" ORDER BY "schema_migrations"."version" ASC[0m
  ↳ /Users/ugp/.rbenv/versions/2.5.1/bin/annotate:23
Started GET "/" for ::1 at 2019-07-30 11:35:24 -0400
  [1m[35m (0.8ms)[0m  [1m[34mSELECT "schema_migrations"."version" FROM "schema_migrations" ORDER BY "schema_migrations"."version" ASC[0m
  ↳ /Users/ugp/.rbenv/versions/2.5.1/lib/ruby/gems/2.5.0/gems/activerecord-5.2.3/lib/active_record/log_subscriber.rb:98
Processing by StaticPagesController#root as HTML
  Rendering static_pages/root.html.erb within layouts/application
  Rendered static_pages/root.html.erb within layouts/application (1.9ms)
Completed 200 OK in 1297ms (Views: 1295.5ms | ActiveRecord: 0.0ms)


Started GET "/" for ::1 at 2019-07-30 13:50:16 -0400
  [1m[35m (0.7ms)[0m  [1m[34mSELECT "schema_migrations"."version" FROM "schema_migrations" ORDER BY "schema_migrations"."version" ASC[0m
  ↳ /Users/ugp/.rbenv/versions/2.5.1/lib/ruby/gems/2.5.0/gems/activerecord-5.2.3/lib/active_record/log_subscriber.rb:98
  
ActiveRecord::PendingMigrationError (

Migrations are pending. To resolve this issue, run:

        bin/rails db:migrate RAILS_ENV=development

):
  
activerecord (5.2.3) lib/active_record/migration.rb:579:in `check_pending!'
activerecord (5.2.3) lib/active_record/migration.rb:556:in `call'
actionpack (5.2.3) lib/action_dispatch/middleware/callbacks.rb:28:in `block in call'
activesupport (5.2.3) lib/active_support/callbacks.rb:98:in `run_callbacks'
actionpack (5.2.3) lib/action_dispatch/middleware/callbacks.rb:26:in `call'
actionpack (5.2.3) lib/action_dispatch/middleware/executor.rb:14:in `call'
actionpack (5.2.3) lib/action_dispatch/middleware/debug_exceptions.rb:61:in `call'
web-console (3.7.0) lib/web_console/middleware.rb:135:in `call_app'
web-console (3.7.0) lib/web_console/middleware.rb:30:in `block in call'
web-console (3.7.0) lib/web_console/middleware.rb:20:in `catch'
web-console (3.7.0) lib/web_console/middleware.rb:20:in `call'
actionpack (5.2.3) lib/action_dispatch/middleware/show_exceptions.rb:33:in `call'
railties (5.2.3) lib/rails/rack/logger.rb:38:in `call_app'
railties (5.2.3) lib/rails/rack/logger.rb:26:in `block in call'
activesupport (5.2.3) lib/active_support/tagged_logging.rb:71:in `block in tagged'
activesupport (5.2.3) lib/active_support/tagged_logging.rb:28:in `tagged'
activesupport (5.2.3) lib/active_support/tagged_logging.rb:71:in `tagged'
railties (5.2.3) lib/rails/rack/logger.rb:26:in `call'
sprockets-rails (3.2.1) lib/sprockets/rails/quiet_assets.rb:13:in `call'
actionpack (5.2.3) lib/action_dispatch/middleware/remote_ip.rb:81:in `call'
actionpack (5.2.3) lib/action_dispatch/middleware/request_id.rb:27:in `call'
rack (2.0.7) lib/rack/method_override.rb:22:in `call'
rack (2.0.7) lib/rack/runtime.rb:22:in `call'
activesupport (5.2.3) lib/active_support/cache/strategy/local_cache_middleware.rb:29:in `call'
actionpack (5.2.3) lib/action_dispatch/middleware/executor.rb:14:in `call'
actionpack (5.2.3) lib/action_dispatch/middleware/static.rb:127:in `call'
rack (2.0.7) lib/rack/sendfile.rb:111:in `call'
railties (5.2.3) lib/rails/engine.rb:524:in `call'
puma (3.12.1) lib/puma/configuration.rb:227:in `call'
puma (3.12.1) lib/puma/server.rb:660:in `handle_request'
puma (3.12.1) lib/puma/server.rb:474:in `process_client'
puma (3.12.1) lib/puma/server.rb:334:in `block in run'
puma (3.12.1) lib/puma/thread_pool.rb:135:in `block in spawn_thread'
  [1m[35m (0.2ms)[0m  [1m[34mSELECT pg_try_advisory_lock(6483587128298297325)[0m
  ↳ bin/rails:9
  [1m[35m (0.8ms)[0m  [1m[34mSELECT "schema_migrations"."version" FROM "schema_migrations" ORDER BY "schema_migrations"."version" ASC[0m
  ↳ bin/rails:9
Migrating to AddImgToUser (20190730155321)
  [1m[35m (0.1ms)[0m  [1m[35mBEGIN[0m
  ↳ bin/rails:9
  [1m[36mActiveRecord::SchemaMigration Create (0.4ms)[0m  [1m[32mINSERT INTO "schema_migrations" ("version") VALUES ($1) RETURNING "version"[0m  [["version", "20190730155321"]]
  ↳ bin/rails:9
  [1m[35m (0.6ms)[0m  [1m[35mCOMMIT[0m
  ↳ bin/rails:9
  [1m[36mActiveRecord::InternalMetadata Load (0.5ms)[0m  [1m[34mSELECT  "ar_internal_metadata".* FROM "ar_internal_metadata" WHERE "ar_internal_metadata"."key" = $1 LIMIT $2[0m  [["key", "environment"], ["LIMIT", 1]]
  ↳ bin/rails:9
  [1m[35m (0.2ms)[0m  [1m[35mBEGIN[0m
  ↳ bin/rails:9
  [1m[35m (0.1ms)[0m  [1m[35mCOMMIT[0m
  ↳ bin/rails:9
  [1m[35m (0.2ms)[0m  [1m[34mSELECT pg_advisory_unlock(6483587128298297325)[0m
  ↳ bin/rails:9
  [1m[35m (0.2ms)[0m  [1m[34mSELECT "schema_migrations"."version" FROM "schema_migrations" ORDER BY "schema_migrations"."version" ASC[0m
  ↳ bin/rails:9
Started GET "/" for ::1 at 2019-07-30 13:50:58 -0400
  [1m[35m (1.0ms)[0m  [1m[34mSELECT "schema_migrations"."version" FROM "schema_migrations" ORDER BY "schema_migrations"."version" ASC[0m
  ↳ /Users/ugp/.rbenv/versions/2.5.1/lib/ruby/gems/2.5.0/gems/activerecord-5.2.3/lib/active_record/log_subscriber.rb:98
Processing by StaticPagesController#root as HTML
  Rendering static_pages/root.html.erb within layouts/application
  Rendered static_pages/root.html.erb within layouts/application (1.1ms)
Completed 200 OK in 1242ms (Views: 1240.6ms | ActiveRecord: 0.0ms)


Started GET "/" for ::1 at 2019-07-30 13:54:11 -0400
  [1m[35m (0.3ms)[0m  [1m[34mSELECT "schema_migrations"."version" FROM "schema_migrations" ORDER BY "schema_migrations"."version" ASC[0m
  ↳ /Users/ugp/.rbenv/versions/2.5.1/lib/ruby/gems/2.5.0/gems/activerecord-5.2.3/lib/active_record/log_subscriber.rb:98
Processing by StaticPagesController#root as HTML
  Rendering static_pages/root.html.erb within layouts/application
  Rendered static_pages/root.html.erb within layouts/application (0.3ms)
Completed 200 OK in 413ms (Views: 411.9ms | ActiveRecord: 0.0ms)


Started GET "/" for ::1 at 2019-07-30 13:54:29 -0400
Processing by StaticPagesController#root as HTML
  Rendering static_pages/root.html.erb within layouts/application
  Rendered static_pages/root.html.erb within layouts/application (0.4ms)
Completed 200 OK in 419ms (Views: 417.5ms | ActiveRecord: 0.0ms)


Started GET "/" for ::1 at 2019-07-30 13:55:07 -0400
Processing by StaticPagesController#root as HTML
  Rendering static_pages/root.html.erb within layouts/application
  Rendered static_pages/root.html.erb within layouts/application (0.4ms)
Completed 200 OK in 17ms (Views: 15.6ms | ActiveRecord: 0.0ms)


Started GET "/" for ::1 at 2019-07-30 13:55:13 -0400
Processing by StaticPagesController#root as HTML
  Rendering static_pages/root.html.erb within layouts/application
  Rendered static_pages/root.html.erb within layouts/application (0.3ms)
Completed 200 OK in 407ms (Views: 405.4ms | ActiveRecord: 0.0ms)


Started GET "/" for ::1 at 2019-07-30 13:55:56 -0400
Processing by StaticPagesController#root as HTML
  Rendering static_pages/root.html.erb within layouts/application
  Rendered static_pages/root.html.erb within layouts/application (0.3ms)
Completed 200 OK in 413ms (Views: 411.1ms | ActiveRecord: 0.0ms)


Started GET "/" for ::1 at 2019-07-30 13:56:47 -0400
Processing by StaticPagesController#root as HTML
  Rendering static_pages/root.html.erb within layouts/application
  Rendered static_pages/root.html.erb within layouts/application (0.3ms)
Completed 200 OK in 472ms (Views: 470.4ms | ActiveRecord: 0.0ms)


Started GET "/" for ::1 at 2019-07-30 14:39:26 -0400
Processing by StaticPagesController#root as HTML
  Rendering static_pages/root.html.erb within layouts/application
  Rendered static_pages/root.html.erb within layouts/application (0.3ms)
Completed 200 OK in 16ms (Views: 15.0ms | ActiveRecord: 0.0ms)


Started GET "/" for ::1 at 2019-07-30 14:41:16 -0400
Processing by StaticPagesController#root as HTML
  Rendering static_pages/root.html.erb within layouts/application
  Rendered static_pages/root.html.erb within layouts/application (0.3ms)
Completed 200 OK in 501ms (Views: 499.3ms | ActiveRecord: 0.0ms)


Started GET "/" for ::1 at 2019-07-30 14:41:59 -0400
Processing by StaticPagesController#root as HTML
  Rendering static_pages/root.html.erb within layouts/application
  Rendered static_pages/root.html.erb within layouts/application (0.3ms)
Completed 200 OK in 16ms (Views: 14.7ms | ActiveRecord: 0.0ms)


Started GET "/" for ::1 at 2019-07-30 14:42:18 -0400
Processing by StaticPagesController#root as HTML
  Rendering static_pages/root.html.erb within layouts/application
  Rendered static_pages/root.html.erb within layouts/application (0.4ms)
Completed 200 OK in 436ms (Views: 434.6ms | ActiveRecord: 0.0ms)


Started GET "/" for ::1 at 2019-07-30 14:43:09 -0400
Processing by StaticPagesController#root as HTML
  Rendering static_pages/root.html.erb within layouts/application
  Rendered static_pages/root.html.erb within layouts/application (0.4ms)
Completed 200 OK in 19ms (Views: 17.7ms | ActiveRecord: 0.0ms)


Started GET "/" for ::1 at 2019-07-30 14:43:37 -0400
Processing by StaticPagesController#root as HTML
  Rendering static_pages/root.html.erb within layouts/application
  Rendered static_pages/root.html.erb within layouts/application (0.4ms)
Completed 200 OK in 441ms (Views: 439.6ms | ActiveRecord: 0.0ms)


Started GET "/" for ::1 at 2019-07-30 14:44:17 -0400
Processing by StaticPagesController#root as HTML
  Rendering static_pages/root.html.erb within layouts/application
  Rendered static_pages/root.html.erb within layouts/application (0.3ms)
Completed 200 OK in 442ms (Views: 440.7ms | ActiveRecord: 0.0ms)


Started GET "/" for ::1 at 2019-07-30 14:44:27 -0400
Processing by StaticPagesController#root as HTML
  Rendering static_pages/root.html.erb within layouts/application
  Rendered static_pages/root.html.erb within layouts/application (0.3ms)
Completed 200 OK in 23ms (Views: 22.0ms | ActiveRecord: 0.0ms)


Started GET "/" for ::1 at 2019-07-30 14:45:18 -0400
Processing by StaticPagesController#root as HTML
  Rendering static_pages/root.html.erb within layouts/application
  Rendered static_pages/root.html.erb within layouts/application (0.3ms)
Completed 200 OK in 429ms (Views: 427.4ms | ActiveRecord: 0.0ms)


Started GET "/" for ::1 at 2019-07-30 14:45:31 -0400
Processing by StaticPagesController#root as HTML
  Rendering static_pages/root.html.erb within layouts/application
  Rendered static_pages/root.html.erb within layouts/application (0.3ms)
Completed 200 OK in 442ms (Views: 441.0ms | ActiveRecord: 0.0ms)


Started GET "/" for ::1 at 2019-07-30 14:45:54 -0400
Processing by StaticPagesController#root as HTML
  Rendering static_pages/root.html.erb within layouts/application
  Rendered static_pages/root.html.erb within layouts/application (0.3ms)
Completed 200 OK in 510ms (Views: 508.1ms | ActiveRecord: 0.0ms)


Started GET "/" for ::1 at 2019-07-30 14:46:23 -0400
Processing by StaticPagesController#root as HTML
  Rendering static_pages/root.html.erb within layouts/application
  Rendered static_pages/root.html.erb within layouts/application (0.3ms)
Completed 200 OK in 496ms (Views: 494.1ms | ActiveRecord: 0.0ms)


Started GET "/" for ::1 at 2019-07-30 14:46:33 -0400
Processing by StaticPagesController#root as HTML
  Rendering static_pages/root.html.erb within layouts/application
  Rendered static_pages/root.html.erb within layouts/application (0.3ms)
Completed 200 OK in 22ms (Views: 20.9ms | ActiveRecord: 0.0ms)


Started GET "/" for ::1 at 2019-07-30 14:49:34 -0400
Processing by StaticPagesController#root as HTML
  Rendering static_pages/root.html.erb within layouts/application
  Rendered static_pages/root.html.erb within layouts/application (0.3ms)
Completed 200 OK in 459ms (Views: 457.9ms | ActiveRecord: 0.0ms)


Started GET "/" for ::1 at 2019-07-30 14:49:54 -0400
Processing by StaticPagesController#root as HTML
  Rendering static_pages/root.html.erb within layouts/application
  Rendered static_pages/root.html.erb within layouts/application (0.3ms)
Completed 200 OK in 441ms (Views: 439.4ms | ActiveRecord: 0.0ms)


Started GET "/" for ::1 at 2019-07-30 14:50:32 -0400
Processing by StaticPagesController#root as HTML
  Rendering static_pages/root.html.erb within layouts/application
  Rendered static_pages/root.html.erb within layouts/application (0.3ms)
Completed 200 OK in 449ms (Views: 447.6ms | ActiveRecord: 0.0ms)


Started GET "/" for ::1 at 2019-07-30 15:00:12 -0400
Processing by StaticPagesController#root as HTML
  Rendering static_pages/root.html.erb within layouts/application
  Rendered static_pages/root.html.erb within layouts/application (0.3ms)
Completed 200 OK in 432ms (Views: 430.5ms | ActiveRecord: 0.0ms)


Started POST "/api/session" for ::1 at 2019-07-30 15:00:46 -0400
  
SyntaxError (/Users/ugp/Documents/CloudNine/app/controllers/api/sessions_controller.rb:25: syntax error, unexpected end-of-input, expecting keyword_end):
  
app/controllers/api/sessions_controller.rb:25: syntax error, unexpected end-of-input, expecting keyword_end
Started POST "/api/session" for ::1 at 2019-07-30 15:00:47 -0400
  
SyntaxError (/Users/ugp/Documents/CloudNine/app/controllers/api/sessions_controller.rb:25: syntax error, unexpected end-of-input, expecting keyword_end):
  
app/controllers/api/sessions_controller.rb:25: syntax error, unexpected end-of-input, expecting keyword_end
Started GET "/" for ::1 at 2019-07-30 15:01:51 -0400
Processing by StaticPagesController#root as HTML
  Rendering static_pages/root.html.erb within layouts/application
  Rendered static_pages/root.html.erb within layouts/application (0.2ms)
Completed 200 OK in 20ms (Views: 19.2ms | ActiveRecord: 0.0ms)


Started POST "/api/session" for ::1 at 2019-07-30 15:01:55 -0400
Processing by Api::SessionsController#create as */*
  Parameters: {"user"=>{"email"=>"sleepy@gmail.com", "password"=>"[FILTERED]"}, "default"=>{"format"=>:json}}
Completed 500 Internal Server Error in 2ms (ActiveRecord: 0.0ms)


  
SyntaxError (/Users/ugp/Documents/CloudNine/app/models/user.rb:23: syntax error, unexpected '\n', expecting =>
...er = User.find_by(email: email)
...                               ^
/Users/ugp/Documents/CloudNine/app/models/user.rb:26: syntax error, unexpected '}', expecting keyword_end
    }
    ^
/Users/ugp/Documents/CloudNine/app/models/user.rb:50: syntax error, unexpected end-of-input, expecting keyword_end):
  
app/models/user.rb:23: syntax error, unexpected '\n', expecting =>
app/models/user.rb:26: syntax error, unexpected '}', expecting keyword_end
app/models/user.rb:50: syntax error, unexpected end-of-input, expecting keyword_end
app/controllers/api/sessions_controller.rb:3:in `create'
Started GET "/" for ::1 at 2019-07-30 15:02:07 -0400
Processing by StaticPagesController#root as HTML
  Rendering static_pages/root.html.erb within layouts/application
  Rendered static_pages/root.html.erb within layouts/application (0.2ms)
Completed 200 OK in 18ms (Views: 16.3ms | ActiveRecord: 0.0ms)


Started POST "/api/session" for ::1 at 2019-07-30 15:02:08 -0400
Processing by Api::SessionsController#create as */*
  Parameters: {"user"=>{"email"=>"sleepy@gmail.com", "password"=>"[FILTERED]"}, "default"=>{"format"=>:json}}
Completed 500 Internal Server Error in 2ms (ActiveRecord: 0.0ms)


  
SyntaxError (/Users/ugp/Documents/CloudNine/app/models/user.rb:23: syntax error, unexpected '\n', expecting =>
...er = User.find_by(email: email)
...                               ^
/Users/ugp/Documents/CloudNine/app/models/user.rb:26: syntax error, unexpected '}', expecting keyword_end
    }
    ^
/Users/ugp/Documents/CloudNine/app/models/user.rb:50: syntax error, unexpected end-of-input, expecting keyword_end):
  
app/models/user.rb:23: syntax error, unexpected '\n', expecting =>
app/models/user.rb:26: syntax error, unexpected '}', expecting keyword_end
app/models/user.rb:50: syntax error, unexpected end-of-input, expecting keyword_end
app/controllers/api/sessions_controller.rb:3:in `create'
Started POST "/api/session" for ::1 at 2019-07-30 15:02:08 -0400
Processing by Api::SessionsController#create as */*
  Parameters: {"user"=>{"email"=>"sleepy@gmail.com", "password"=>"[FILTERED]"}, "default"=>{"format"=>:json}}
Completed 500 Internal Server Error in 2ms (ActiveRecord: 0.0ms)


  
SyntaxError (/Users/ugp/Documents/CloudNine/app/models/user.rb:23: syntax error, unexpected '\n', expecting =>
...er = User.find_by(email: email)
...                               ^
/Users/ugp/Documents/CloudNine/app/models/user.rb:26: syntax error, unexpected '}', expecting keyword_end
    }
    ^
/Users/ugp/Documents/CloudNine/app/models/user.rb:50: syntax error, unexpected end-of-input, expecting keyword_end):
  
app/models/user.rb:23: syntax error, unexpected '\n', expecting =>
app/models/user.rb:26: syntax error, unexpected '}', expecting keyword_end
app/models/user.rb:50: syntax error, unexpected end-of-input, expecting keyword_end
app/controllers/api/sessions_controller.rb:3:in `create'
Started GET "/" for ::1 at 2019-07-30 15:02:47 -0400
Processing by StaticPagesController#root as HTML
  Rendering static_pages/root.html.erb within layouts/application
  Rendered static_pages/root.html.erb within layouts/application (0.3ms)
Completed 200 OK in 35ms (Views: 34.2ms | ActiveRecord: 0.0ms)


Started POST "/api/session" for ::1 at 2019-07-30 15:02:49 -0400
Processing by Api::SessionsController#create as */*
  Parameters: {"user"=>{"email"=>"sleepy@gmail.com", "password"=>"[FILTERED]"}, "default"=>{"format"=>:json}}
Completed 500 Internal Server Error in 30ms (ActiveRecord: 5.7ms)


  
NoMethodError (undefined method `after_initialization' for #<Class:0x00007faacb18af10>
Did you mean?  after_initialize):
  
app/models/user.rb:19:in `<class:User>'
app/models/user.rb:14:in `<top (required)>'
app/controllers/api/sessions_controller.rb:3:in `create'
Started GET "/" for ::1 at 2019-07-30 15:03:02 -0400
Processing by StaticPagesController#root as HTML
  Rendering static_pages/root.html.erb within layouts/application
  Rendered static_pages/root.html.erb within layouts/application (0.3ms)
Completed 200 OK in 18ms (Views: 16.4ms | ActiveRecord: 0.0ms)


Started POST "/api/session" for ::1 at 2019-07-30 15:03:04 -0400
Processing by Api::SessionsController#create as */*
  Parameters: {"user"=>{"email"=>"sleepy@gmail.com", "password"=>"[FILTERED]"}, "default"=>{"format"=>:json}}
Completed 500 Internal Server Error in 21ms (ActiveRecord: 2.0ms)


  
NoMethodError (undefined method `find_by_credentails' for #<Class:0x00007faac8d2f648>
Did you mean?  find_by_credentials):
  
app/controllers/api/sessions_controller.rb:3:in `create'
Started GET "/" for ::1 at 2019-07-30 15:03:19 -0400
Processing by StaticPagesController#root as HTML
  Rendering static_pages/root.html.erb within layouts/application
  Rendered static_pages/root.html.erb within layouts/application (0.2ms)
Completed 200 OK in 19ms (Views: 18.2ms | ActiveRecord: 0.0ms)


Started POST "/api/session" for ::1 at 2019-07-30 15:03:20 -0400
Processing by Api::SessionsController#create as */*
  Parameters: {"user"=>{"email"=>"sleepy@gmail.com", "password"=>"[FILTERED]"}, "default"=>{"format"=>:json}}
  [1m[36mUser Load (1.8ms)[0m  [1m[34mSELECT  "users".* FROM "users" WHERE "users"."email" = $1 LIMIT $2[0m  [["email", "sleepy@gmail.com"], ["LIMIT", 1]]
  ↳ app/models/user.rb:23
Completed 500 Internal Server Error in 81ms (ActiveRecord: 3.8ms)


  
NoMethodError (undefined method `rendor' for #<Api::SessionsController:0x00007faac4c544c0>
Did you mean?  render):
  
app/controllers/api/sessions_controller.rb:12:in `create'
Started GET "/" for ::1 at 2019-07-30 15:03:29 -0400
Processing by StaticPagesController#root as HTML
  Rendering static_pages/root.html.erb within layouts/application
  Rendered static_pages/root.html.erb within layouts/application (0.3ms)
Completed 200 OK in 17ms (Views: 16.2ms | ActiveRecord: 0.0ms)


Started POST "/api/session" for ::1 at 2019-07-30 15:03:30 -0400
Processing by Api::SessionsController#create as */*
  Parameters: {"user"=>{"email"=>"sleepy@gmail.com", "password"=>"[FILTERED]"}, "default"=>{"format"=>:json}}
  [1m[36mUser Load (0.3ms)[0m  [1m[34mSELECT  "users".* FROM "users" WHERE "users"."email" = $1 LIMIT $2[0m  [["email", "sleepy@gmail.com"], ["LIMIT", 1]]
  ↳ app/models/user.rb:23
Completed 401 Unauthorized in 6ms (Views: 0.2ms | ActiveRecord: 2.2ms)


Started GET "/" for ::1 at 2019-07-30 15:06:20 -0400
Processing by StaticPagesController#root as HTML
  Rendering static_pages/root.html.erb within layouts/application
  Rendered static_pages/root.html.erb within layouts/application (0.4ms)
Completed 200 OK in 20ms (Views: 18.2ms | ActiveRecord: 0.0ms)


Started GET "/" for ::1 at 2019-07-30 15:06:38 -0400
Processing by StaticPagesController#root as HTML
  Rendering static_pages/root.html.erb within layouts/application
  Rendered static_pages/root.html.erb within layouts/application (0.3ms)
Completed 200 OK in 16ms (Views: 15.0ms | ActiveRecord: 0.0ms)


Started GET "/" for ::1 at 2019-07-30 15:06:41 -0400
Processing by StaticPagesController#root as HTML
  Rendering static_pages/root.html.erb within layouts/application
  Rendered static_pages/root.html.erb within layouts/application (0.3ms)
Completed 200 OK in 17ms (Views: 15.4ms | ActiveRecord: 0.0ms)


Started POST "/api/session" for ::1 at 2019-07-30 15:06:51 -0400
Processing by Api::SessionsController#create as */*
  Parameters: {"user"=>{"email"=>"fire@gmail.com", "password"=>"[FILTERED]"}, "default"=>{"format"=>:json}}
  [1m[36mUser Load (0.4ms)[0m  [1m[34mSELECT  "users".* FROM "users" WHERE "users"."email" = $1 LIMIT $2[0m  [["email", "fire@gmail.com"], ["LIMIT", 1]]
  ↳ app/models/user.rb:23
Completed 401 Unauthorized in 2ms (Views: 0.1ms | ActiveRecord: 0.4ms)


Started GET "/" for ::1 at 2019-07-30 15:08:44 -0400
Processing by StaticPagesController#root as HTML
  Rendering static_pages/root.html.erb within layouts/application
  Rendered static_pages/root.html.erb within layouts/application (0.3ms)
Completed 200 OK in 450ms (Views: 448.5ms | ActiveRecord: 0.0ms)


Started GET "/" for ::1 at 2019-07-30 15:09:32 -0400
Processing by StaticPagesController#root as HTML
  Rendering static_pages/root.html.erb within layouts/application
  Rendered static_pages/root.html.erb within layouts/application (0.3ms)
Completed 200 OK in 438ms (Views: 436.3ms | ActiveRecord: 0.0ms)


Started GET "/" for ::1 at 2019-07-30 15:09:40 -0400
Processing by StaticPagesController#root as HTML
  Rendering static_pages/root.html.erb within layouts/application
  Rendered static_pages/root.html.erb within layouts/application (0.3ms)
Completed 200 OK in 19ms (Views: 17.5ms | ActiveRecord: 0.0ms)


Started GET "/" for ::1 at 2019-07-30 15:10:32 -0400
Processing by StaticPagesController#root as HTML
  Rendering static_pages/root.html.erb within layouts/application
  Rendered static_pages/root.html.erb within layouts/application (0.4ms)
Completed 200 OK in 469ms (Views: 467.1ms | ActiveRecord: 0.0ms)


Started POST "/api/session" for ::1 at 2019-07-30 15:10:35 -0400
Processing by Api::SessionsController#create as */*
  Parameters: {"user"=>{"email"=>"", "password"=>"[FILTERED]"}, "default"=>{"format"=>:json}}
  [1m[36mUser Load (0.3ms)[0m  [1m[34mSELECT  "users".* FROM "users" WHERE "users"."email" = $1 LIMIT $2[0m  [["email", ""], ["LIMIT", 1]]
  ↳ app/models/user.rb:23
Completed 401 Unauthorized in 2ms (Views: 0.1ms | ActiveRecord: 0.3ms)


Started POST "/api/session" for ::1 at 2019-07-30 15:11:17 -0400
Processing by Api::SessionsController#create as */*
  Parameters: {"user"=>{"email"=>"", "password"=>"[FILTERED]"}, "default"=>{"format"=>:json}}
  [1m[36mUser Load (0.5ms)[0m  [1m[34mSELECT  "users".* FROM "users" WHERE "users"."email" = $1 LIMIT $2[0m  [["email", ""], ["LIMIT", 1]]
  ↳ app/models/user.rb:23
Completed 401 Unauthorized in 2ms (Views: 0.1ms | ActiveRecord: 0.5ms)


Started GET "/" for ::1 at 2019-07-30 15:13:11 -0400
Processing by StaticPagesController#root as HTML
  Rendering static_pages/root.html.erb within layouts/application
  Rendered static_pages/root.html.erb within layouts/application (0.3ms)
Completed 200 OK in 19ms (Views: 17.2ms | ActiveRecord: 0.0ms)


Started POST "/api/session" for ::1 at 2019-07-30 15:13:17 -0400
Processing by Api::SessionsController#create as */*
  Parameters: {"user"=>{"email"=>"test", "password"=>"[FILTERED]"}, "default"=>{"format"=>:json}}
  [1m[36mUser Load (0.5ms)[0m  [1m[34mSELECT  "users".* FROM "users" WHERE "users"."email" = $1 LIMIT $2[0m  [["email", "test"], ["LIMIT", 1]]
  ↳ app/models/user.rb:23
Completed 401 Unauthorized in 2ms (Views: 0.2ms | ActiveRecord: 0.5ms)


  [1m[35m (0.2ms)[0m  [1m[35mBEGIN[0m
  [1m[36mUser Exists (1.1ms)[0m  [1m[34mSELECT  1 AS one FROM "users" WHERE "users"."username" = $1 LIMIT $2[0m  [["username", "test"], ["LIMIT", 1]]
  [1m[36mUser Exists (0.3ms)[0m  [1m[34mSELECT  1 AS one FROM "users" WHERE "users"."email" = $1 LIMIT $2[0m  [["email", "test@gmail.com"], ["LIMIT", 1]]
  [1m[36mUser Exists (0.3ms)[0m  [1m[34mSELECT  1 AS one FROM "users" WHERE "users"."session_token" = $1 LIMIT $2[0m  [["session_token", "rOveWV-6HYf2_bb0RghTbw"], ["LIMIT", 1]]
  [1m[36mUser Create (1.5ms)[0m  [1m[32mINSERT INTO "users" ("username", "email", "password_digest", "session_token", "created_at", "updated_at") VALUES ($1, $2, $3, $4, $5, $6) RETURNING "id"[0m  [["username", "test"], ["email", "test@gmail.com"], ["password_digest", "$2a$12$1oYZKzpBkOep9YKD0YHtmOIB9zpcLD4ZOef.e1DTkWEswXCPeEIAG"], ["session_token", "rOveWV-6HYf2_bb0RghTbw"], ["created_at", "2019-07-30 19:18:45.006143"], ["updated_at", "2019-07-30 19:18:45.006143"]]
  [1m[35m (0.3ms)[0m  [1m[35mCOMMIT[0m
Started GET "/" for ::1 at 2019-07-30 15:19:04 -0400
  [1m[35m (0.8ms)[0m  [1m[34mSELECT "schema_migrations"."version" FROM "schema_migrations" ORDER BY "schema_migrations"."version" ASC[0m
  ↳ /Users/ugp/.rbenv/versions/2.5.1/lib/ruby/gems/2.5.0/gems/activerecord-5.2.3/lib/active_record/log_subscriber.rb:98
Processing by StaticPagesController#root as HTML
  Rendering static_pages/root.html.erb within layouts/application
  Rendered static_pages/root.html.erb within layouts/application (1.2ms)
Completed 200 OK in 1228ms (Views: 1226.5ms | ActiveRecord: 0.0ms)


Started POST "/api/session" for ::1 at 2019-07-30 15:19:27 -0400
Processing by Api::SessionsController#create as */*
  Parameters: {"user"=>{"email"=>"test", "password"=>"[FILTERED]"}, "default"=>{"format"=>:json}}
  [1m[36mUser Load (0.6ms)[0m  [1m[34mSELECT  "users".* FROM "users" WHERE "users"."email" = $1 LIMIT $2[0m  [["email", "test"], ["LIMIT", 1]]
  ↳ app/models/user.rb:23
Completed 401 Unauthorized in 18ms (Views: 0.2ms | ActiveRecord: 2.9ms)


Started POST "/api/session" for ::1 at 2019-07-30 15:19:42 -0400
Processing by Api::SessionsController#create as */*
  Parameters: {"user"=>{"email"=>"test@gmail.com", "password"=>"[FILTERED]"}, "default"=>{"format"=>:json}}
  [1m[36mUser Load (0.5ms)[0m  [1m[34mSELECT  "users".* FROM "users" WHERE "users"."email" = $1 LIMIT $2[0m  [["email", "test@gmail.com"], ["LIMIT", 1]]
  ↳ app/models/user.rb:23
  [1m[35m (0.2ms)[0m  [1m[35mBEGIN[0m
  ↳ app/models/user.rb:38
  [1m[36mUser Exists (0.5ms)[0m  [1m[34mSELECT  1 AS one FROM "users" WHERE "users"."username" = $1 AND "users"."id" != $2 LIMIT $3[0m  [["username", "test"], ["id", 1], ["LIMIT", 1]]
  ↳ app/models/user.rb:38
  [1m[36mUser Exists (0.4ms)[0m  [1m[34mSELECT  1 AS one FROM "users" WHERE "users"."email" = $1 AND "users"."id" != $2 LIMIT $3[0m  [["email", "test@gmail.com"], ["id", 1], ["LIMIT", 1]]
  ↳ app/models/user.rb:38
  [1m[36mUser Exists (0.3ms)[0m  [1m[34mSELECT  1 AS one FROM "users" WHERE "users"."session_token" = $1 AND "users"."id" != $2 LIMIT $3[0m  [["session_token", "tXE7X5UyzCEYkXZUihWhWQ"], ["id", 1], ["LIMIT", 1]]
  ↳ app/models/user.rb:38
  [1m[36mUser Update (1.3ms)[0m  [1m[33mUPDATE "users" SET "session_token" = $1, "updated_at" = $2 WHERE "users"."id" = $3[0m  [["session_token", "tXE7X5UyzCEYkXZUihWhWQ"], ["updated_at", "2019-07-30 19:19:43.271875"], ["id", 1]]
  ↳ app/models/user.rb:38
  [1m[35m (0.3ms)[0m  [1m[35mCOMMIT[0m
  ↳ app/models/user.rb:38
  Rendering api/users/show.json.jbuilder
  Rendered api/users/_user.json.jbuilder (0.4ms)
  Rendered api/users/show.json.jbuilder (6.9ms)
Completed 200 OK in 317ms (Views: 28.6ms | ActiveRecord: 8.3ms)


Started POST "/api/session" for ::1 at 2019-07-30 15:19:44 -0400
Processing by Api::SessionsController#create as */*
  Parameters: {"user"=>{"email"=>"test@gmail.com", "password"=>"[FILTERED]"}, "default"=>{"format"=>:json}}
  [1m[36mUser Load (0.9ms)[0m  [1m[34mSELECT  "users".* FROM "users" WHERE "users"."email" = $1 LIMIT $2[0m  [["email", "test@gmail.com"], ["LIMIT", 1]]
  ↳ app/models/user.rb:23
  [1m[35m (0.2ms)[0m  [1m[35mBEGIN[0m
  ↳ app/models/user.rb:38
  [1m[36mUser Exists (0.4ms)[0m  [1m[34mSELECT  1 AS one FROM "users" WHERE "users"."username" = $1 AND "users"."id" != $2 LIMIT $3[0m  [["username", "test"], ["id", 1], ["LIMIT", 1]]
  ↳ app/models/user.rb:38
  [1m[36mUser Exists (0.4ms)[0m  [1m[34mSELECT  1 AS one FROM "users" WHERE "users"."email" = $1 AND "users"."id" != $2 LIMIT $3[0m  [["email", "test@gmail.com"], ["id", 1], ["LIMIT", 1]]
  ↳ app/models/user.rb:38
  [1m[36mUser Exists (0.4ms)[0m  [1m[34mSELECT  1 AS one FROM "users" WHERE "users"."session_token" = $1 AND "users"."id" != $2 LIMIT $3[0m  [["session_token", "DBquvAy50ZhZSdgfiLd8uQ"], ["id", 1], ["LIMIT", 1]]
  ↳ app/models/user.rb:38
  [1m[36mUser Update (0.5ms)[0m  [1m[33mUPDATE "users" SET "session_token" = $1, "updated_at" = $2 WHERE "users"."id" = $3[0m  [["session_token", "DBquvAy50ZhZSdgfiLd8uQ"], ["updated_at", "2019-07-30 19:19:44.300675"], ["id", 1]]
  ↳ app/models/user.rb:38
  [1m[35m (0.4ms)[0m  [1m[35mCOMMIT[0m
  ↳ app/models/user.rb:38
  Rendering api/users/show.json.jbuilder
  Rendered api/users/_user.json.jbuilder (0.2ms)
  Rendered api/users/show.json.jbuilder (5.0ms)
Completed 200 OK in 298ms (Views: 24.7ms | ActiveRecord: 3.2ms)


Started GET "/" for ::1 at 2019-07-30 15:36:21 -0400
Processing by StaticPagesController#root as HTML
  Rendering static_pages/root.html.erb within layouts/application
  Rendered static_pages/root.html.erb within layouts/application (0.5ms)
Completed 200 OK in 452ms (Views: 450.9ms | ActiveRecord: 0.0ms)


Started GET "/" for ::1 at 2019-07-30 15:36:36 -0400
Processing by StaticPagesController#root as HTML
  Rendering static_pages/root.html.erb within layouts/application
  Rendered static_pages/root.html.erb within layouts/application (0.3ms)
Completed 200 OK in 435ms (Views: 434.1ms | ActiveRecord: 0.0ms)


Started GET "/" for ::1 at 2019-07-30 15:38:33 -0400
Processing by StaticPagesController#root as HTML
  Rendering static_pages/root.html.erb within layouts/application
  Rendered static_pages/root.html.erb within layouts/application (0.3ms)
Completed 200 OK in 16ms (Views: 14.7ms | ActiveRecord: 0.0ms)


Started GET "/" for ::1 at 2019-07-30 15:39:05 -0400
Processing by StaticPagesController#root as HTML
  Rendering static_pages/root.html.erb within layouts/application
  Rendered static_pages/root.html.erb within layouts/application (0.3ms)
Completed 200 OK in 434ms (Views: 432.5ms | ActiveRecord: 0.0ms)


Started GET "/" for ::1 at 2019-07-30 15:40:21 -0400
Processing by StaticPagesController#root as HTML
  Rendering static_pages/root.html.erb within layouts/application
  Rendered static_pages/root.html.erb within layouts/application (0.3ms)
Completed 200 OK in 509ms (Views: 507.9ms | ActiveRecord: 0.0ms)


Started GET "/" for ::1 at 2019-07-30 15:41:23 -0400
Processing by StaticPagesController#root as HTML
  Rendering static_pages/root.html.erb within layouts/application
  Rendered static_pages/root.html.erb within layouts/application (0.3ms)
Completed 200 OK in 487ms (Views: 485.6ms | ActiveRecord: 0.0ms)


Started GET "/" for ::1 at 2019-07-30 15:42:00 -0400
Processing by StaticPagesController#root as HTML
  Rendering static_pages/root.html.erb within layouts/application
  Rendered static_pages/root.html.erb within layouts/application (0.4ms)
Completed 200 OK in 443ms (Views: 441.7ms | ActiveRecord: 0.0ms)


Started GET "/" for ::1 at 2019-07-30 15:42:11 -0400
Processing by StaticPagesController#root as HTML
  Rendering static_pages/root.html.erb within layouts/application
  Rendered static_pages/root.html.erb within layouts/application (0.3ms)
Completed 200 OK in 18ms (Views: 16.6ms | ActiveRecord: 0.0ms)


Started GET "/" for ::1 at 2019-07-30 15:46:03 -0400
Processing by StaticPagesController#root as HTML
  Rendering static_pages/root.html.erb within layouts/application
  Rendered static_pages/root.html.erb within layouts/application (0.3ms)
Completed 200 OK in 436ms (Views: 434.5ms | ActiveRecord: 0.0ms)


Started GET "/" for ::1 at 2019-07-30 15:47:59 -0400
Processing by StaticPagesController#root as HTML
  Rendering static_pages/root.html.erb within layouts/application
  Rendered static_pages/root.html.erb within layouts/application (0.3ms)
Completed 200 OK in 442ms (Views: 440.2ms | ActiveRecord: 0.0ms)


Started GET "/" for ::1 at 2019-07-30 15:49:21 -0400
Processing by StaticPagesController#root as HTML
  Rendering static_pages/root.html.erb within layouts/application
  Rendered static_pages/root.html.erb within layouts/application (0.4ms)
Completed 200 OK in 442ms (Views: 440.8ms | ActiveRecord: 0.0ms)


Started GET "/" for ::1 at 2019-07-30 15:49:47 -0400
Processing by StaticPagesController#root as HTML
  Rendering static_pages/root.html.erb within layouts/application
  Rendered static_pages/root.html.erb within layouts/application (0.3ms)
Completed 200 OK in 441ms (Views: 438.8ms | ActiveRecord: 0.0ms)


Started GET "/" for ::1 at 2019-07-30 15:50:04 -0400
Processing by StaticPagesController#root as HTML
  Rendering static_pages/root.html.erb within layouts/application
  Rendered static_pages/root.html.erb within layouts/application (0.3ms)
Completed 200 OK in 507ms (Views: 505.7ms | ActiveRecord: 0.0ms)


Started GET "/" for ::1 at 2019-07-30 15:50:26 -0400
Processing by StaticPagesController#root as HTML
  Rendering static_pages/root.html.erb within layouts/application
  Rendered static_pages/root.html.erb within layouts/application (0.3ms)
Completed 200 OK in 16ms (Views: 14.1ms | ActiveRecord: 0.0ms)


Started GET "/" for ::1 at 2019-07-30 15:50:35 -0400
Processing by StaticPagesController#root as HTML
  Rendering static_pages/root.html.erb within layouts/application
  Rendered static_pages/root.html.erb within layouts/application (0.3ms)
Completed 200 OK in 502ms (Views: 500.3ms | ActiveRecord: 0.0ms)


Started POST "/api/session" for ::1 at 2019-07-30 15:50:43 -0400
Processing by Api::SessionsController#create as */*
  Parameters: {"user"=>{"email"=>"test@gmail.com", "password"=>"[FILTERED]"}, "default"=>{"format"=>:json}}
  [1m[36mUser Load (0.7ms)[0m  [1m[34mSELECT  "users".* FROM "users" WHERE "users"."email" = $1 LIMIT $2[0m  [["email", "test@gmail.com"], ["LIMIT", 1]]
  ↳ app/models/user.rb:23
  [1m[35m (0.3ms)[0m  [1m[35mBEGIN[0m
  ↳ app/models/user.rb:38
  [1m[36mUser Exists (0.6ms)[0m  [1m[34mSELECT  1 AS one FROM "users" WHERE "users"."username" = $1 AND "users"."id" != $2 LIMIT $3[0m  [["username", "test"], ["id", 1], ["LIMIT", 1]]
  ↳ app/models/user.rb:38
  [1m[36mUser Exists (0.4ms)[0m  [1m[34mSELECT  1 AS one FROM "users" WHERE "users"."email" = $1 AND "users"."id" != $2 LIMIT $3[0m  [["email", "test@gmail.com"], ["id", 1], ["LIMIT", 1]]
  ↳ app/models/user.rb:38
  [1m[36mUser Exists (0.3ms)[0m  [1m[34mSELECT  1 AS one FROM "users" WHERE "users"."session_token" = $1 AND "users"."id" != $2 LIMIT $3[0m  [["session_token", "EqO2wLQNmnXaFx2FOA5xUg"], ["id", 1], ["LIMIT", 1]]
  ↳ app/models/user.rb:38
  [1m[36mUser Update (0.6ms)[0m  [1m[33mUPDATE "users" SET "session_token" = $1, "updated_at" = $2 WHERE "users"."id" = $3[0m  [["session_token", "EqO2wLQNmnXaFx2FOA5xUg"], ["updated_at", "2019-07-30 19:50:43.681594"], ["id", 1]]
  ↳ app/models/user.rb:38
  [1m[35m (0.6ms)[0m  [1m[35mCOMMIT[0m
  ↳ app/models/user.rb:38
  Rendering api/users/show.json.jbuilder
  Rendered api/users/_user.json.jbuilder (0.2ms)
  Rendered api/users/show.json.jbuilder (4.8ms)
Completed 200 OK in 287ms (Views: 23.1ms | ActiveRecord: 3.6ms)


Started GET "/" for ::1 at 2019-07-30 15:59:20 -0400
Processing by StaticPagesController#root as HTML
  Rendering static_pages/root.html.erb within layouts/application
  Rendered static_pages/root.html.erb within layouts/application (0.3ms)
Completed 200 OK in 435ms (Views: 433.3ms | ActiveRecord: 0.0ms)


Started GET "/" for ::1 at 2019-07-30 16:02:22 -0400
Processing by StaticPagesController#root as HTML
  Rendering static_pages/root.html.erb within layouts/application
  Rendered static_pages/root.html.erb within layouts/application (0.3ms)
Completed 200 OK in 456ms (Views: 454.8ms | ActiveRecord: 0.0ms)


Started GET "/" for ::1 at 2019-07-30 17:13:46 -0400
Processing by StaticPagesController#root as HTML
  Rendering static_pages/root.html.erb within layouts/application
  Rendered static_pages/root.html.erb within layouts/application (0.3ms)
Completed 200 OK in 20ms (Views: 19.0ms | ActiveRecord: 0.0ms)


Started GET "/" for ::1 at 2019-07-30 17:13:48 -0400
Processing by StaticPagesController#root as HTML
  Rendering static_pages/root.html.erb within layouts/application
  Rendered static_pages/root.html.erb within layouts/application (0.3ms)
Completed 200 OK in 17ms (Views: 15.4ms | ActiveRecord: 0.0ms)


